<?xml version="1.0" encoding="UTF-8"?>
<!-- Generated by org.testng.reporters.JUnitXMLReporter -->
<testsuite hostname="LAPTOP-DN1A88SJ" ignored="0" name="Test" tests="13" failures="0" timestamp="2020-04-10T19:59:02 EDT" time="54.583" errors="0">
  <testcase name="validateloginPageTitle" time="0.013" classname="com.demoguru99.qa.test.LoginPageTest"/>
  <testcase name="validateLoginCredential" time="2.051" classname="com.demoguru99.qa.test.LoginPageTest"/>
  <testcase name="verifyhomePageTitle" time="0.015" classname="com.demoguru99.qa.test.HomePageTest"/>
  <testcase name="verifynewCustomerPageTitle" time="0.016" classname="com.demoguru99.qa.test.NewCustomerPageTest"/>
  <testcase name="fillFormToAddNewCustomer" time="0.759" classname="com.demoguru99.qa.test.NewCustomerPageTest"/>
  <testcase name="clickSubmmitButton" time="0.069" classname="com.demoguru99.qa.test.NewCustomerPageTest"/>
  <testcase name="verifyEditCustomerPageTitle" time="0.0" classname="com.demoguru99.qa.test.EditCustomerTest"/>
  <testcase name="enterCustomerId" time="0.07" classname="com.demoguru99.qa.test.EditCustomerTest"/>
  <testcase name="clickSubmitBtn" time="0.891" classname="com.demoguru99.qa.test.EditCustomerTest"/>
  <testcase name="validateEditCustomerSymbol" time="0.07" classname="com.demoguru99.qa.test.EditCustomerTest"/>
  <testcase name="verifyNewAccountPageTitleTitle" time="0.005" classname="com.demoguru99.qa.test.NewAccountTest"/>
  <testcase name="validateCustomerInfo" time="1.535" classname="com.demoguru99.qa.test.NewAccountTest"/>
  <testcase name="messageVerification" time="0.072" classname="com.demoguru99.qa.test.NewAccountTest"/>
</testsuite> <!-- Test -->
