<?xml version="1.0" encoding="UTF-8"?>
<!-- Generated by org.testng.reporters.JUnitXMLReporter -->
<testsuite hostname="LAPTOP-DN1A88SJ" ignored="0" name="Default test" tests="3" failures="0" timestamp="2020-04-06T21:27:51 EDT" time="12.186" errors="0">
  <testcase name="verifyNewAccountPageTitleTitle" time="0.015" classname="com.demoguru99.qa.test.NewAccountTest"/>
  <testcase name="validateCustomerInfo" time="1.696" classname="com.demoguru99.qa.test.NewAccountTest"/>
  <testcase name="messageVerification" time="0.121" classname="com.demoguru99.qa.test.NewAccountTest"/>
</testsuite> <!-- Default test -->
